<?xml version="1.0" encoding="UTF-8"?>
<!-- Generated by org.testng.reporters.JUnitReportReporter -->
<testsuite hostname="Sunil-PC" failures="0" tests="16" name="tests.PizzaHutTestNGTest" time="17.085" errors="0" timestamp="2024-08-30T13:52:01 BST" skipped="0">
  <testcase classname="tests.PizzaHutTestNGTest" name="testUserLocationSetting" time="7.328"/>
  <system-out/>
  <testcase classname="tests.PizzaHutTestNGTest" name="validateDealsUrl" time="0.050"/>
  <system-out/>
  <testcase classname="tests.PizzaHutTestNGTest" name="addItemUnder200ToCart" time="1.046"/>
  <system-out/>
  <testcase classname="tests.PizzaHutTestNGTest" name="productAddedUnderBasket" time="0.097"/>
  <system-out/>
  <testcase classname="tests.PizzaHutTestNGTest" name="checkoutButtonPriceNotShown" time="0.064"/>
  <system-out/>
  <testcase classname="tests.PizzaHutTestNGTest" name="navigateToDrinks" time="0.264"/>
  <system-out/>
  <testcase classname="tests.PizzaHutTestNGTest" name="addTwoDrinks" time="0.834"/>
  <system-out/>
  <testcase classname="tests.PizzaHutTestNGTest" name="clickAndNavigateToCheckout" time="3.284"/>
  <system-out/>
  <testcase classname="tests.PizzaHutTestNGTest" name="onlinePaymentRadioButtonSelected" time="0.048"/>
  <system-out/>
  <testcase classname="tests.PizzaHutTestNGTest" name="enterDetails" time="0.876"/>
  <system-out/>
  <testcase classname="tests.PizzaHutTestNGTest" name="clickGiftCard" time="1.105"/>
  <system-out/>
  <testcase classname="tests.PizzaHutTestNGTest" name="clickVoucher" time="0.438"/>
  <system-out/>
  <testcase classname="tests.PizzaHutTestNGTest" name="typeVoucherCode" time="0.357"/>
  <system-out/>
  <testcase classname="tests.PizzaHutTestNGTest" name="validateVoucherError" time="0.759"/>
  <system-out/>
  <testcase classname="tests.PizzaHutTestNGTest" name="closeVoucherPopup" time="0.410"/>
  <system-out/>
  <testcase classname="tests.PizzaHutTestNGTest" name="navigateToBasketPage" time="0.125"/>
  <system-out/>
</testsuite> <!-- tests.PizzaHutTestNGTest -->
